2018/09/13 11:31:39 INFO  - jmeter.util.JMeterUtils: Setting Locale to zh_CN 
2018/09/13 11:31:39 INFO  - jmeter.JMeter: Loading system properties from: D:\wrok_tool\eclipse-workspace\jmeter-maven-jenkins\target\jmeter\bin\system.properties 
2018/09/13 11:31:39 INFO  - jmeter.JMeter: Copyright (c) 1998-2016 The Apache Software Foundation 
2018/09/13 11:31:39 INFO  - jmeter.JMeter: Version 3.1 r1770033 
2018/09/13 11:31:39 INFO  - jmeter.JMeter: java.version=1.8.0_25 
2018/09/13 11:31:39 INFO  - jmeter.JMeter: java.vm.name=Java HotSpot(TM) 64-Bit Server VM 
2018/09/13 11:31:39 INFO  - jmeter.JMeter: os.name=Windows 8.1 
2018/09/13 11:31:39 INFO  - jmeter.JMeter: os.arch=amd64 
2018/09/13 11:31:39 INFO  - jmeter.JMeter: os.version=6.3 
2018/09/13 11:31:39 INFO  - jmeter.JMeter: file.encoding=GBK 
2018/09/13 11:31:39 INFO  - jmeter.JMeter: Max memory     =514850816 
2018/09/13 11:31:39 INFO  - jmeter.JMeter: Available Processors =4 
2018/09/13 11:31:39 INFO  - jmeter.JMeter: Default Locale=中文 (中国) 
2018/09/13 11:31:39 INFO  - jmeter.JMeter: JMeter  Locale=中文 (中国) 
2018/09/13 11:31:39 INFO  - jmeter.JMeter: JMeterHome=D:\wrok_tool\eclipse-workspace\jmeter-maven-jenkins\target\jmeter 
2018/09/13 11:31:39 INFO  - jmeter.JMeter: user.dir  =D:\wrok_tool\eclipse-workspace\jmeter-maven-jenkins\target\jmeter\bin 
2018/09/13 11:31:39 INFO  - jmeter.JMeter: PWD       =D:\wrok_tool\eclipse-workspace\jmeter-maven-jenkins\target\jmeter\bin 
2018/09/13 11:31:48 INFO  - jmeter.JMeter: IP: 169.254.236.8 Name: SC-201803070953 FullName: SC-201803070953 
2018/09/13 11:31:48 INFO  - jmeter.services.FileServer: Default base='D:\wrok_tool\eclipse-workspace\jmeter-maven-jenkins\target\jmeter\bin' 
2018/09/13 11:31:48 INFO  - jmeter.services.FileServer: Set new base='D:\wrok_tool\eclipse-workspace\jmeter-maven-jenkins\target\jmeter\testFiles' 
2018/09/13 11:31:49 INFO  - jmeter.save.SaveService: Testplan (JMX) version: 2.2. Testlog (JTL) version: 2.2 
2018/09/13 11:31:49 INFO  - jmeter.save.SaveService: Using SaveService properties file encoding UTF-8 
2018/09/13 11:31:49 INFO  - jmeter.save.SaveService: Using SaveService properties version 3.1 
2018/09/13 11:31:49 INFO  - jmeter.save.SaveService: All converter versions present and correct 
2018/09/13 11:31:49 INFO  - jmeter.save.SaveService: Loading file: D:\wrok_tool\eclipse-workspace\jmeter-maven-jenkins\target\jmeter\testFiles\共享服务中心.jmx 
2018/09/13 11:31:49 INFO  - jmeter.protocol.http.control.CookieManager: Settings: Delete null: true Check: true Allow variable: true Save: false Prefix: COOKIE_ 
2018/09/13 11:31:49 INFO  - jmeter.protocol.http.sampler.HTTPSamplerBase: Parser for text/html is org.apache.jmeter.protocol.http.parser.LagartoBasedHtmlParser 
2018/09/13 11:31:49 INFO  - jmeter.protocol.http.sampler.HTTPSamplerBase: Parser for application/xhtml+xml is org.apache.jmeter.protocol.http.parser.LagartoBasedHtmlParser 
2018/09/13 11:31:49 INFO  - jmeter.protocol.http.sampler.HTTPSamplerBase: Parser for application/xml is org.apache.jmeter.protocol.http.parser.LagartoBasedHtmlParser 
2018/09/13 11:31:49 INFO  - jmeter.protocol.http.sampler.HTTPSamplerBase: Parser for text/xml is org.apache.jmeter.protocol.http.parser.LagartoBasedHtmlParser 
2018/09/13 11:31:49 INFO  - jmeter.protocol.http.sampler.HTTPSamplerBase: Parser for text/vnd.wap.wml is org.apache.jmeter.protocol.http.parser.RegexpHTMLParser 
2018/09/13 11:31:49 INFO  - jmeter.protocol.http.sampler.HTTPSamplerBase: Parser for text/css is org.apache.jmeter.protocol.http.parser.CssParser 
2018/09/13 11:31:49 INFO  - jmeter.JMeter: Creating summariser <summary> 
2018/09/13 11:31:49 INFO  - jmeter.engine.StandardJMeterEngine: Running the test! 
2018/09/13 11:31:49 INFO  - jmeter.samplers.SampleEvent: List of sample_variables: [] 
2018/09/13 11:31:49 INFO  - jmeter.samplers.SampleEvent: List of sample_variables: [] 
2018/09/13 11:31:49 INFO  - jmeter.engine.util.CompoundVariable: Note: Function class names must contain the string: '.functions.' 
2018/09/13 11:31:49 INFO  - jmeter.engine.util.CompoundVariable: Note: Function class names must not contain the string: '.gui.' 
2018/09/13 11:31:49 INFO  - jmeter.JMeter: 正在运行的测试 (1536809509606) 
2018/09/13 11:31:49 INFO  - jmeter.engine.StandardJMeterEngine: Starting ThreadGroup: 1 : 收货人-根据ID更新数据 
2018/09/13 11:31:49 INFO  - jmeter.engine.StandardJMeterEngine: Starting 1 threads for group 收货人-根据ID更新数据. 
2018/09/13 11:31:49 INFO  - jmeter.engine.StandardJMeterEngine: Thread will continue on error 
2018/09/13 11:31:49 INFO  - jmeter.threads.ThreadGroup: Starting thread group number 1 threads 1 ramp-up 1 perThread 1000.0 delayedStart=false 
2018/09/13 11:31:49 INFO  - jmeter.threads.ThreadGroup: Started thread group number 1 
2018/09/13 11:31:49 INFO  - jmeter.engine.StandardJMeterEngine: Waiting for thread group: 收货人-根据ID更新数据 to finish before starting next group 
2018/09/13 11:31:49 INFO  - jmeter.threads.JMeterThread: Thread started: 收货人-根据ID更新数据 1-1 
2018/09/13 11:31:49 INFO  - jmeter.protocol.http.sampler.HTTPHCAbstractImpl: Local host = SC-201803070953 
2018/09/13 11:31:49 INFO  - jmeter.protocol.http.sampler.HTTPHC4Impl: HTTP request retry count = 0 
2018/09/13 11:31:49 INFO  - jmeter.samplers.SampleResult: Note: Sample TimeStamps are START times 
2018/09/13 11:31:49 INFO  - jmeter.samplers.SampleResult: sampleresult.default.encoding is set to utf-8 
2018/09/13 11:31:49 INFO  - jmeter.samplers.SampleResult: sampleresult.useNanoTime=true 
2018/09/13 11:31:49 INFO  - jmeter.samplers.SampleResult: sampleresult.nanoThreadSleep=5000 
2018/09/13 11:31:50 INFO  - jmeter.threads.JMeterThread: Thread is done: 收货人-根据ID更新数据 1-1 
2018/09/13 11:31:50 INFO  - jmeter.threads.JMeterThread: Thread finished: 收货人-根据ID更新数据 1-1 
2018/09/13 11:31:50 INFO  - jmeter.engine.StandardJMeterEngine: Starting ThreadGroup: 2 : 共享服务中心-用户中心-R100 
2018/09/13 11:31:50 INFO  - jmeter.engine.StandardJMeterEngine: Starting 1 threads for group 共享服务中心-用户中心-R100. 
2018/09/13 11:31:50 INFO  - jmeter.engine.StandardJMeterEngine: Thread will continue on error 
2018/09/13 11:31:50 INFO  - jmeter.threads.ThreadGroup: Starting thread group number 2 threads 1 ramp-up 1 perThread 1000.0 delayedStart=false 
2018/09/13 11:31:50 INFO  - jmeter.threads.ThreadGroup: Started thread group number 2 
2018/09/13 11:31:50 INFO  - jmeter.engine.StandardJMeterEngine: Waiting for thread group: 共享服务中心-用户中心-R100 to finish before starting next group 
2018/09/13 11:31:50 INFO  - jmeter.threads.JMeterThread: Thread started: 共享服务中心-用户中心-R100 2-1 
2018/09/13 11:31:50 INFO  - jmeter.threads.JMeterThread: Thread is done: 共享服务中心-用户中心-R100 2-1 
2018/09/13 11:31:50 INFO  - jmeter.threads.JMeterThread: Thread finished: 共享服务中心-用户中心-R100 2-1 
2018/09/13 11:31:50 INFO  - jmeter.engine.StandardJMeterEngine: Starting ThreadGroup: 3 : 共享服务中心-用户中心-R200 
2018/09/13 11:31:50 INFO  - jmeter.engine.StandardJMeterEngine: Starting 1 threads for group 共享服务中心-用户中心-R200. 
2018/09/13 11:31:50 INFO  - jmeter.engine.StandardJMeterEngine: Thread will continue on error 
2018/09/13 11:31:50 INFO  - jmeter.threads.ThreadGroup: Starting thread group number 3 threads 1 ramp-up 1 perThread 1000.0 delayedStart=false 
2018/09/13 11:31:50 INFO  - jmeter.threads.ThreadGroup: Started thread group number 3 
2018/09/13 11:31:50 INFO  - jmeter.engine.StandardJMeterEngine: Waiting for thread group: 共享服务中心-用户中心-R200 to finish before starting next group 
2018/09/13 11:31:50 INFO  - jmeter.threads.JMeterThread: Thread started: 共享服务中心-用户中心-R200 3-1 
2018/09/13 11:31:50 INFO  - jmeter.threads.JMeterThread: Thread is done: 共享服务中心-用户中心-R200 3-1 
2018/09/13 11:31:50 INFO  - jmeter.threads.JMeterThread: Thread finished: 共享服务中心-用户中心-R200 3-1 
2018/09/13 11:31:50 INFO  - jmeter.engine.StandardJMeterEngine: Starting ThreadGroup: 4 : 共享服务中心-用户中心-R300 
2018/09/13 11:31:50 INFO  - jmeter.engine.StandardJMeterEngine: Starting 1 threads for group 共享服务中心-用户中心-R300. 
2018/09/13 11:31:50 INFO  - jmeter.engine.StandardJMeterEngine: Thread will continue on error 
2018/09/13 11:31:50 INFO  - jmeter.threads.ThreadGroup: Starting thread group number 4 threads 1 ramp-up 1 perThread 1000.0 delayedStart=false 
2018/09/13 11:31:50 INFO  - jmeter.threads.ThreadGroup: Started thread group number 4 
2018/09/13 11:31:50 INFO  - jmeter.engine.StandardJMeterEngine: Waiting for thread group: 共享服务中心-用户中心-R300 to finish before starting next group 
2018/09/13 11:31:50 INFO  - jmeter.threads.JMeterThread: Thread started: 共享服务中心-用户中心-R300 4-1 
2018/09/13 11:31:50 INFO  - jmeter.threads.JMeterThread: Thread is done: 共享服务中心-用户中心-R300 4-1 
2018/09/13 11:31:50 INFO  - jmeter.threads.JMeterThread: Thread finished: 共享服务中心-用户中心-R300 4-1 
2018/09/13 11:31:50 INFO  - jmeter.engine.StandardJMeterEngine: Starting ThreadGroup: 5 : 共享服务中心-用户中心-R400 
2018/09/13 11:31:50 INFO  - jmeter.engine.StandardJMeterEngine: Starting 1 threads for group 共享服务中心-用户中心-R400. 
2018/09/13 11:31:50 INFO  - jmeter.engine.StandardJMeterEngine: Thread will continue on error 
2018/09/13 11:31:50 INFO  - jmeter.threads.ThreadGroup: Starting thread group number 5 threads 1 ramp-up 1 perThread 1000.0 delayedStart=false 
2018/09/13 11:31:50 INFO  - jmeter.threads.ThreadGroup: Started thread group number 5 
2018/09/13 11:31:50 INFO  - jmeter.engine.StandardJMeterEngine: Waiting for thread group: 共享服务中心-用户中心-R400 to finish before starting next group 
2018/09/13 11:31:50 INFO  - jmeter.threads.JMeterThread: Thread started: 共享服务中心-用户中心-R400 5-1 
2018/09/13 11:31:50 INFO  - jmeter.threads.JMeterThread: Thread is done: 共享服务中心-用户中心-R400 5-1 
2018/09/13 11:31:50 INFO  - jmeter.threads.JMeterThread: Thread finished: 共享服务中心-用户中心-R400 5-1 
2018/09/13 11:31:50 INFO  - jmeter.engine.StandardJMeterEngine: Starting ThreadGroup: 6 : 共享服务中心-用户中心 
2018/09/13 11:31:50 INFO  - jmeter.engine.StandardJMeterEngine: Starting 1 threads for group 共享服务中心-用户中心. 
2018/09/13 11:31:50 INFO  - jmeter.engine.StandardJMeterEngine: Thread will continue on error 
2018/09/13 11:31:50 INFO  - jmeter.threads.ThreadGroup: Starting thread group number 6 threads 1 ramp-up 1 perThread 1000.0 delayedStart=false 
2018/09/13 11:31:50 INFO  - jmeter.threads.ThreadGroup: Started thread group number 6 
2018/09/13 11:31:50 INFO  - jmeter.engine.StandardJMeterEngine: Waiting for thread group: 共享服务中心-用户中心 to finish before starting next group 
2018/09/13 11:31:50 INFO  - jmeter.threads.JMeterThread: Thread started: 共享服务中心-用户中心 6-1 
2018/09/13 11:31:50 INFO  - jmeter.threads.JMeterThread: Thread is done: 共享服务中心-用户中心 6-1 
2018/09/13 11:31:50 INFO  - jmeter.threads.JMeterThread: Thread finished: 共享服务中心-用户中心 6-1 
2018/09/13 11:31:50 INFO  - jmeter.engine.StandardJMeterEngine: Starting ThreadGroup: 7 : 共享服务中心-用户中心 
2018/09/13 11:31:50 INFO  - jmeter.engine.StandardJMeterEngine: Starting 1 threads for group 共享服务中心-用户中心. 
2018/09/13 11:31:50 INFO  - jmeter.engine.StandardJMeterEngine: Thread will continue on error 
2018/09/13 11:31:50 INFO  - jmeter.threads.ThreadGroup: Starting thread group number 7 threads 1 ramp-up 1 perThread 1000.0 delayedStart=false 
2018/09/13 11:31:50 INFO  - jmeter.threads.ThreadGroup: Started thread group number 7 
2018/09/13 11:31:50 INFO  - jmeter.engine.StandardJMeterEngine: Waiting for thread group: 共享服务中心-用户中心 to finish before starting next group 
2018/09/13 11:31:50 INFO  - jmeter.threads.JMeterThread: Thread started: 共享服务中心-用户中心 7-1 
2018/09/13 11:31:50 INFO  - jmeter.threads.JMeterThread: Thread is done: 共享服务中心-用户中心 7-1 
2018/09/13 11:31:50 INFO  - jmeter.threads.JMeterThread: Thread finished: 共享服务中心-用户中心 7-1 
2018/09/13 11:31:50 INFO  - jmeter.engine.StandardJMeterEngine: Starting ThreadGroup: 8 : 共享服务中心-用户中心 
2018/09/13 11:31:50 INFO  - jmeter.engine.StandardJMeterEngine: Starting 1 threads for group 共享服务中心-用户中心. 
2018/09/13 11:31:50 INFO  - jmeter.engine.StandardJMeterEngine: Thread will continue on error 
2018/09/13 11:31:50 INFO  - jmeter.threads.ThreadGroup: Starting thread group number 8 threads 1 ramp-up 1 perThread 1000.0 delayedStart=false 
2018/09/13 11:31:50 INFO  - jmeter.threads.ThreadGroup: Started thread group number 8 
2018/09/13 11:31:50 INFO  - jmeter.engine.StandardJMeterEngine: Waiting for thread group: 共享服务中心-用户中心 to finish before starting next group 
2018/09/13 11:31:50 INFO  - jmeter.threads.JMeterThread: Thread started: 共享服务中心-用户中心 8-1 
2018/09/13 11:31:50 INFO  - jmeter.threads.JMeterThread: Thread is done: 共享服务中心-用户中心 8-1 
2018/09/13 11:31:50 INFO  - jmeter.threads.JMeterThread: Thread finished: 共享服务中心-用户中心 8-1 
2018/09/13 11:31:50 INFO  - jmeter.engine.StandardJMeterEngine: Starting ThreadGroup: 9 : 共享服务中心-用户中心 
2018/09/13 11:31:50 INFO  - jmeter.engine.StandardJMeterEngine: Starting 1 threads for group 共享服务中心-用户中心. 
2018/09/13 11:31:50 INFO  - jmeter.engine.StandardJMeterEngine: Thread will continue on error 
2018/09/13 11:31:50 INFO  - jmeter.threads.ThreadGroup: Starting thread group number 9 threads 1 ramp-up 1 perThread 1000.0 delayedStart=false 
2018/09/13 11:31:50 INFO  - jmeter.threads.ThreadGroup: Started thread group number 9 
2018/09/13 11:31:50 INFO  - jmeter.engine.StandardJMeterEngine: Waiting for thread group: 共享服务中心-用户中心 to finish before starting next group 
2018/09/13 11:31:50 INFO  - jmeter.threads.JMeterThread: Thread started: 共享服务中心-用户中心 9-1 
2018/09/13 11:31:50 INFO  - jmeter.threads.JMeterThread: Thread is done: 共享服务中心-用户中心 9-1 
2018/09/13 11:31:50 INFO  - jmeter.threads.JMeterThread: Thread finished: 共享服务中心-用户中心 9-1 
2018/09/13 11:31:50 INFO  - jmeter.engine.StandardJMeterEngine: Starting ThreadGroup: 10 : 共享服务中心-用户中心 
2018/09/13 11:31:50 INFO  - jmeter.engine.StandardJMeterEngine: Starting 1 threads for group 共享服务中心-用户中心. 
2018/09/13 11:31:50 INFO  - jmeter.engine.StandardJMeterEngine: Thread will continue on error 
2018/09/13 11:31:50 INFO  - jmeter.threads.ThreadGroup: Starting thread group number 10 threads 1 ramp-up 1 perThread 1000.0 delayedStart=false 
2018/09/13 11:31:50 INFO  - jmeter.threads.ThreadGroup: Started thread group number 10 
2018/09/13 11:31:50 INFO  - jmeter.engine.StandardJMeterEngine: Waiting for thread group: 共享服务中心-用户中心 to finish before starting next group 
2018/09/13 11:31:50 INFO  - jmeter.threads.JMeterThread: Thread started: 共享服务中心-用户中心 10-1 
2018/09/13 11:31:50 INFO  - jmeter.threads.JMeterThread: Thread is done: 共享服务中心-用户中心 10-1 
2018/09/13 11:31:50 INFO  - jmeter.threads.JMeterThread: Thread finished: 共享服务中心-用户中心 10-1 
2018/09/13 11:31:50 INFO  - jmeter.engine.StandardJMeterEngine: Starting ThreadGroup: 11 : 共享服务中心-用户中心 
2018/09/13 11:31:50 INFO  - jmeter.engine.StandardJMeterEngine: Starting 1 threads for group 共享服务中心-用户中心. 
2018/09/13 11:31:50 INFO  - jmeter.engine.StandardJMeterEngine: Thread will continue on error 
2018/09/13 11:31:50 INFO  - jmeter.threads.ThreadGroup: Starting thread group number 11 threads 1 ramp-up 1 perThread 1000.0 delayedStart=false 
2018/09/13 11:31:50 INFO  - jmeter.threads.ThreadGroup: Started thread group number 11 
2018/09/13 11:31:50 INFO  - jmeter.engine.StandardJMeterEngine: Waiting for thread group: 共享服务中心-用户中心 to finish before starting next group 
2018/09/13 11:31:50 INFO  - jmeter.threads.JMeterThread: Thread started: 共享服务中心-用户中心 11-1 
2018/09/13 11:31:50 INFO  - jmeter.threads.JMeterThread: Thread is done: 共享服务中心-用户中心 11-1 
2018/09/13 11:31:50 INFO  - jmeter.threads.JMeterThread: Thread finished: 共享服务中心-用户中心 11-1 
2018/09/13 11:31:50 INFO  - jmeter.engine.StandardJMeterEngine: Starting ThreadGroup: 12 : 共享服务中心-用户中心 
2018/09/13 11:31:50 INFO  - jmeter.engine.StandardJMeterEngine: Starting 1 threads for group 共享服务中心-用户中心. 
2018/09/13 11:31:50 INFO  - jmeter.engine.StandardJMeterEngine: Thread will continue on error 
2018/09/13 11:31:50 INFO  - jmeter.threads.ThreadGroup: Starting thread group number 12 threads 1 ramp-up 1 perThread 1000.0 delayedStart=false 
2018/09/13 11:31:50 INFO  - jmeter.threads.ThreadGroup: Started thread group number 12 
2018/09/13 11:31:50 INFO  - jmeter.engine.StandardJMeterEngine: All thread groups have been started 
2018/09/13 11:31:50 INFO  - jmeter.threads.JMeterThread: Thread started: 共享服务中心-用户中心 12-1 
2018/09/13 11:31:50 INFO  - jmeter.threads.JMeterThread: Thread is done: 共享服务中心-用户中心 12-1 
2018/09/13 11:31:50 INFO  - jmeter.threads.JMeterThread: Thread finished: 共享服务中心-用户中心 12-1 
2018/09/13 11:31:50 INFO  - jmeter.engine.StandardJMeterEngine: Notifying test listeners of end of test 
2018/09/13 11:31:50 INFO  - jmeter.reporters.Summariser: summary =     19 in 00:00:01 =   15.6/s Avg:    48 Min:     8 Max:   290 Err:     0 (0.00%) 
